# JRE version: Java(TM) SE Runtime Environment (8.0_102-b14) (build 1.8.0_102-b14)
# Java VM: Java HotSpot(TM) 64-Bit Server VM (25.102-b14 mixed mode windows-amd64 compressed oops)
Heap:
 PSYoungGen      total 115200K, used 48091K [0x000000076ae00000, 0x0000000776900000, 0x00000007c0000000)
  eden space 104448K, 35% used [0x000000076ae00000,0x000000076d27a680,0x0000000771400000)
  from space 10752K, 99% used [0x0000000771400000,0x0000000771e7c810,0x0000000771e80000)
  to   space 11776K, 0% used [0x0000000775d80000,0x0000000775d80000,0x0000000776900000)
 ParOldGen       total 99328K, used 10604K [0x00000006c0a00000, 0x00000006c6b00000, 0x000000076ae00000)
  object space 99328K, 10% used [0x00000006c0a00000,0x00000006c145b2e0,0x00000006c6b00000)
 Metaspace       used 27308K, capacity 27590K, committed 27904K, reserved 1073152K
  class space    used 3718K, capacity 3808K, committed 3840K, reserved 1048576K
GC Heap History (10 events):
Event: 2.649 GC heap before
{Heap before GC invocations=4 (full 0):
 PSYoungGen      total 76288K, used 67714K [0x000000076ae00000, 0x0000000770300000, 0x00000007c0000000)
  eden space 65536K, 89% used [0x000000076ae00000,0x000000076e767378,0x000000076ee00000)
  from space 10752K, 83% used [0x000000076ee00000,0x000000076f6b9730,0x000000076f880000)
  to   space 10752K, 0% used [0x000000076f880000,0x000000076f880000,0x0000000770300000)
 ParOldGen       total 175104K, used 96K [0x00000006c0a00000, 0x00000006cb500000, 0x000000076ae00000)
  object space 175104K, 0% used [0x00000006c0a00000,0x00000006c0a18010,0x00000006cb500000)
 Metaspace       used 20918K, capacity 21150K, committed 21296K, reserved 1067008K
  class space    used 2872K, capacity 2932K, committed 2944K, reserved 1048576K
Event: 2.661 GC heap after
Heap after GC invocations=4 (full 0):
 PSYoungGen      total 76288K, used 10060K [0x000000076ae00000, 0x0000000770300000, 0x00000007c0000000)
  eden space 65536K, 0% used [0x000000076ae00000,0x000000076ae00000,0x000000076ee00000)
  from space 10752K, 93% used [0x000000076f880000,0x0000000770253140,0x0000000770300000)
  to   space 10752K, 0% used [0x000000076ee00000,0x000000076ee00000,0x000000076f880000)
 ParOldGen       total 175104K, used 104K [0x00000006c0a00000, 0x00000006cb500000, 0x000000076ae00000)
  object space 175104K, 0% used [0x00000006c0a00000,0x00000006c0a1a010,0x00000006cb500000)
 Metaspace       used 20918K, capacity 21150K, committed 21296K, reserved 1067008K
  class space    used 2872K, capacity 2932K, committed 2944K, reserved 1048576K
}
Event: 2.661 GC heap before
{Heap before GC invocations=5 (full 1):
 PSYoungGen      total 76288K, used 10060K [0x000000076ae00000, 0x0000000770300000, 0x00000007c0000000)
  eden space 65536K, 0% used [0x000000076ae00000,0x000000076ae00000,0x000000076ee00000)
  from space 10752K, 93% used [0x000000076f880000,0x0000000770253140,0x0000000770300000)
  to   space 10752K, 0% used [0x000000076ee00000,0x000000076ee00000,0x000000076f880000)
 ParOldGen       total 175104K, used 104K [0x00000006c0a00000, 0x00000006cb500000, 0x000000076ae00000)
  object space 175104K, 0% used [0x00000006c0a00000,0x00000006c0a1a010,0x00000006cb500000)
 Metaspace       used 20918K, capacity 21150K, committed 21296K, reserved 1067008K
  class space    used 2872K, capacity 2932K, committed 2944K, reserved 1048576K
Event: 2.692 GC heap after
Heap after GC invocations=5 (full 1):
 PSYoungGen      total 76288K, used 0K [0x000000076ae00000, 0x0000000770300000, 0x00000007c0000000)
  eden space 65536K, 0% used [0x000000076ae00000,0x000000076ae00000,0x000000076ee00000)
  from space 10752K, 0% used [0x000000076f880000,0x000000076f880000,0x0000000770300000)
  to   space 10752K, 0% used [0x000000076ee00000,0x000000076ee00000,0x000000076f880000)
 ParOldGen       total 99328K, used 9836K [0x00000006c0a00000, 0x00000006c6b00000, 0x000000076ae00000)
  object space 99328K, 9% used [0x00000006c0a00000,0x00000006c139b2e0,0x00000006c6b00000)
 Metaspace       used 20918K, capacity 21150K, committed 21296K, reserved 1067008K
  class space    used 2872K, capacity 2932K, committed 2944K, reserved 1048576K
}
Event: 3.467 GC heap before
{Heap before GC invocations=6 (full 1):
 PSYoungGen      total 76288K, used 65536K [0x000000076ae00000, 0x0000000770300000, 0x00000007c0000000)
  eden space 65536K, 100% used [0x000000076ae00000,0x000000076ee00000,0x000000076ee00000)
  from space 10752K, 0% used [0x000000076f880000,0x000000076f880000,0x0000000770300000)
  to   space 10752K, 0% used [0x000000076ee00000,0x000000076ee00000,0x000000076f880000)
 ParOldGen       total 99328K, used 9836K [0x00000006c0a00000, 0x00000006c6b00000, 0x000000076ae00000)
  object space 99328K, 9% used [0x00000006c0a00000,0x00000006c139b2e0,0x00000006c6b00000)
 Metaspace       used 23133K, capacity 23472K, committed 23808K, reserved 1069056K
  class space    used 3175K, capacity 3255K, committed 3328K, reserved 1048576K
Event: 3.472 GC heap after
Heap after GC invocations=6 (full 1):
 PSYoungGen      total 76288K, used 7251K [0x000000076ae00000, 0x0000000772980000, 0x00000007c0000000)
  eden space 65536K, 0% used [0x000000076ae00000,0x000000076ae00000,0x000000076ee00000)
  from space 10752K, 67% used [0x000000076ee00000,0x000000076f514f18,0x000000076f880000)
  to   space 10752K, 0% used [0x0000000771f00000,0x0000000771f00000,0x0000000772980000)
 ParOldGen       total 99328K, used 9844K [0x00000006c0a00000, 0x00000006c6b00000, 0x000000076ae00000)
  object space 99328K, 9% used [0x00000006c0a00000,0x00000006c139d2e0,0x00000006c6b00000)
 Metaspace       used 23133K, capacity 23472K, committed 23808K, reserved 1069056K
  class space    used 3175K, capacity 3255K, committed 3328K, reserved 1048576K
}
Event: 3.901 GC heap before
{Heap before GC invocations=7 (full 1):
 PSYoungGen      total 76288K, used 72787K [0x000000076ae00000, 0x0000000772980000, 0x00000007c0000000)
  eden space 65536K, 100% used [0x000000076ae00000,0x000000076ee00000,0x000000076ee00000)
  from space 10752K, 67% used [0x000000076ee00000,0x000000076f514f18,0x000000076f880000)
  to   space 10752K, 0% used [0x0000000771f00000,0x0000000771f00000,0x0000000772980000)
 ParOldGen       total 99328K, used 9844K [0x00000006c0a00000, 0x00000006c6b00000, 0x000000076ae00000)
  object space 99328K, 9% used [0x00000006c0a00000,0x00000006c139d2e0,0x00000006c6b00000)
 Metaspace       used 25027K, capacity 25378K, committed 25600K, reserved 1071104K
  class space    used 3436K, capacity 3546K, committed 3584K, reserved 1048576K
Event: 3.908 GC heap after
Heap after GC invocations=7 (full 1):
 PSYoungGen      total 114688K, used 7185K [0x000000076ae00000, 0x0000000772900000, 0x00000007c0000000)
  eden space 104448K, 0% used [0x000000076ae00000,0x000000076ae00000,0x0000000771400000)
  from space 10240K, 70% used [0x0000000771f00000,0x0000000772604588,0x0000000772900000)
  to   space 10752K, 0% used [0x0000000771400000,0x0000000771400000,0x0000000771e80000)
 ParOldGen       total 99328K, used 9852K [0x00000006c0a00000, 0x00000006c6b00000, 0x000000076ae00000)
  object space 99328K, 9% used [0x00000006c0a00000,0x00000006c139f2e0,0x00000006c6b00000)
 Metaspace       used 25027K, capacity 25378K, committed 25600K, reserved 1071104K
  class space    used 3436K, capacity 3546K, committed 3584K, reserved 1048576K
}
Event: 4.381 GC heap before
{Heap before GC invocations=8 (full 1):
 PSYoungGen      total 114688K, used 111633K [0x000000076ae00000, 0x0000000772900000, 0x00000007c0000000)
  eden space 104448K, 100% used [0x000000076ae00000,0x0000000771400000,0x0000000771400000)
  from space 10240K, 70% used [0x0000000771f00000,0x0000000772604588,0x0000000772900000)
  to   space 10752K, 0% used [0x0000000771400000,0x0000000771400000,0x0000000771e80000)
 ParOldGen       total 99328K, used 9852K [0x00000006c0a00000, 0x00000006c6b00000, 0x000000076ae00000)
  object space 99328K, 9% used [0x00000006c0a00000,0x00000006c139f2e0,0x00000006c6b00000)
 Metaspace       used 25647K, capacity 25928K, committed 26112K, reserved 1071104K
  class space    used 3504K, capacity 3579K, committed 3584K, reserved 1048576K
Event: 4.391 GC heap after
Heap after GC invocations=8 (full 1):
 PSYoungGen      total 115200K, used 10738K [0x000000076ae00000, 0x0000000776900000, 0x00000007c0000000)
  eden space 104448K, 0% used [0x000000076ae00000,0x000000076ae00000,0x0000000771400000)
  from space 10752K, 99% used [0x0000000771400000,0x0000000771e7c810,0x0000000771e80000)
  to   space 11776K, 0% used [0x0000000775d80000,0x0000000775d80000,0x0000000776900000)
 ParOldGen       total 99328K, used 10604K [0x00000006c0a00000, 0x00000006c6b00000, 0x000000076ae00000)
  object space 99328K, 10% used [0x00000006c0a00000,0x00000006c145b2e0,0x00000006c6b00000)
 Metaspace       used 25647K, capacity 25928K, committed 26112K, reserved 1071104K
  class space    used 3504K, capacity 3579K, committed 3584K, reserved 1048576K
}

